<?xml version="1.0" encoding="UTF-8"?>
<!-- Generated by org.testng.reporters.JUnitReportReporter -->
<testsuite hostname="DESKTOP-3JRUFPN" failures="0" tests="2" name="jsp.LearnParameterization" time="9.983" errors="0" timestamp="2025-02-27T11:15:02 IST" skipped="0">
  <testcase classname="jsp.LearnParameterization" name="demo" time="5.310"/>
  <system-out/>
  <testcase classname="jsp.LearnParameterization" name="demo" time="4.673"/>
  <system-out/>
</testsuite> <!-- jsp.LearnParameterization -->
