<?xml version="1.0" encoding="UTF-8"?>
<!-- Generated by org.testng.reporters.JUnitReportReporter -->
<testsuite hostname="DESKTOP-3JRUFPN" failures="0" tests="1" name="com.actitime.testscript.DemoTestNG" time="0.027" errors="0" timestamp="2025-02-05T10:05:37 IST" skipped="0">
  <testcase classname="com.actitime.testscript.DemoTestNG" name="demo" time="0.027"/>
  <system-out>
    <![CDATA[welcome
hi
bye]]>
  </system-out>
</testsuite> <!-- com.actitime.testscript.DemoTestNG -->
