<?xml version="1.0" encoding="UTF-8"?>
<!-- Generated by org.testng.reporters.JUnitReportReporter -->
<testsuite hostname="DESKTOP-3JRUFPN" failures="0" tests="1" name="com.actitime.testscript.DemoScreenShot" time="4.060" errors="0" timestamp="2025-02-11T10:47:23 IST" skipped="0">
  <testcase classname="com.actitime.testscript.DemoScreenShot" name="screenShot" time="4.060"/>
  <system-out/>
</testsuite> <!-- com.actitime.testscript.DemoScreenShot -->
