<?xml version="1.0" encoding="UTF-8"?>
<!-- Generated by org.testng.reporters.JUnitReportReporter -->
<testsuite hostname="DESKTOP-3JRUFPN" failures="0" tests="7" name="jsp.LearnDataProvider" time="17.184" errors="0" timestamp="2025-02-28T11:17:17 IST" skipped="0">
  <testcase classname="jsp.LearnDataProvider" name="demoA" time="2.453"/>
  <system-out/>
  <testcase classname="jsp.LearnDataProvider" name="demoA" time="2.212"/>
  <system-out/>
  <testcase classname="jsp.LearnDataProvider" name="demoA" time="2.218"/>
  <system-out/>
  <testcase classname="jsp.LearnDataProvider" name="demoA" time="2.209"/>
  <system-out/>
  <testcase classname="jsp.LearnDataProvider" name="demoA" time="3.371"/>
  <system-out/>
  <testcase classname="jsp.LearnDataProvider" name="demoA" time="2.376"/>
  <system-out/>
  <testcase classname="jsp.LearnDataProvider" name="demoA" time="2.345"/>
  <system-out/>
</testsuite> <!-- jsp.LearnDataProvider -->
