<?xml version="1.0" encoding="UTF-8"?>
<!-- Generated by org.testng.reporters.JUnitReportReporter -->
<testsuite hostname="DESKTOP-3JRUFPN" failures="0" tests="1" name="com.actitime.testscript.TestMethodCls" time="7.208" errors="0" timestamp="2025-02-15T10:51:02 IST" skipped="0">
  <testcase classname="com.actitime.testscript.TestMethodCls" name="validLogin" time="7.208"/>
  <system-out/>
</testsuite> <!-- com.actitime.testscript.TestMethodCls -->
