<?xml version="1.0" encoding="UTF-8"?>
<!-- Generated by org.testng.reporters.JUnitReportReporter -->
<testsuite hostname="DESKTOP-3JRUFPN" failures="0" tests="3" name="com.actitime.testscript.ProjectModule" time="7.735" errors="0" timestamp="2025-02-26T11:04:21 IST" skipped="0">
  <testcase classname="com.actitime.testscript.ProjectModule" name="modifyProject" time="1.686"/>
  <system-out>
    <![CDATA[modifyProject]]>
  </system-out>
  <testcase classname="com.actitime.testscript.ProjectModule" name="deleteProject" time="4.171"/>
  <system-out>
    <![CDATA[deleteProject]]>
  </system-out>
  <testcase classname="com.actitime.testscript.ProjectModule" name="createProject" time="1.878"/>
  <system-out>
    <![CDATA[createProject]]>
  </system-out>
</testsuite> <!-- com.actitime.testscript.ProjectModule -->
