<?xml version="1.0" encoding="UTF-8"?>
<!-- Generated by org.testng.reporters.JUnitReportReporter -->
<testsuite hostname="DESKTOP-3JRUFPN" failures="0" tests="1" name="com.actitime.pom.TestMethodCls" time="3.964" errors="0" timestamp="2025-02-15T10:11:14 IST" skipped="0">
  <testcase classname="com.actitime.pom.TestMethodCls" name="validLogin" time="3.964"/>
  <system-out/>
</testsuite> <!-- com.actitime.pom.TestMethodCls -->
